[28-Mar-2025 19:19:25 Europe/Berlin] PHP Fatal error:  Uncaught mysqli_sql_exception: Table '1000hills_rugby.teams' doesn't exist in C:\xampp\htdocs\1000HillsRugby\uploadtables.php:106
Stack trace:
#0 C:\xampp\htdocs\1000HillsRugby\uploadtables.php(106): mysqli->query('\r\n    SELECT ls...')
#1 {main}
  thrown in C:\xampp\htdocs\1000HillsRugby\uploadtables.php on line 106
[28-Mar-2025 19:26:32 Europe/Berlin] PHP Fatal error:  Uncaught mysqli_sql_exception: Unknown column 't.name' in 'field list' in C:\xampp\htdocs\1000HillsRugby\uploadtables.php:183
Stack trace:
#0 C:\xampp\htdocs\1000HillsRugby\uploadtables.php(183): mysqli->query('\r\n    SELECT ls...')
#1 {main}
  thrown in C:\xampp\htdocs\1000HillsRugby\uploadtables.php on line 183
[28-Mar-2025 19:57:51 Europe/Berlin] Unknown column 'code' in 'field list'
[28-Mar-2025 19:57:56 Europe/Berlin] Unknown column 'code' in 'field list'
[28-Mar-2025 19:58:20 Europe/Berlin] Unknown column 'code' in 'field list'
[28-Mar-2025 19:58:52 Europe/Berlin] Unknown column 'code' in 'field list'
[28-Mar-2025 19:58:55 Europe/Berlin] Unknown column 'code' in 'field list'
[28-Mar-2025 20:05:26 Europe/Berlin] Unknown column 'code' in 'field list'
[28-Mar-2025 20:44:43 Europe/Berlin] PHP Warning:  Undefined variable $tab in C:\xampp\htdocs\1000HillsRugby\tables.php on line 205
[28-Mar-2025 20:44:43 Europe/Berlin] PHP Warning:  Undefined variable $tab in C:\xampp\htdocs\1000HillsRugby\tables.php on line 206
[28-Mar-2025 20:45:37 Europe/Berlin] PHP Warning:  Undefined variable $tab in C:\xampp\htdocs\1000HillsRugby\tables.php on line 205
[28-Mar-2025 20:45:37 Europe/Berlin] PHP Warning:  Undefined variable $tab in C:\xampp\htdocs\1000HillsRugby\tables.php on line 206
[28-Mar-2025 20:46:24 Europe/Berlin] PHP Warning:  Undefined variable $tab in C:\xampp\htdocs\1000HillsRugby\tables.php on line 206
[28-Mar-2025 20:46:24 Europe/Berlin] PHP Warning:  Undefined variable $tab in C:\xampp\htdocs\1000HillsRugby\tables.php on line 207
[28-Mar-2025 20:53:01 Europe/Berlin] PHP Warning:  Undefined variable $tab in C:\xampp\htdocs\1000HillsRugby\tables.php on line 206
[28-Mar-2025 20:53:01 Europe/Berlin] PHP Warning:  Undefined variable $tab in C:\xampp\htdocs\1000HillsRugby\tables.php on line 207
[28-Mar-2025 20:59:45 Europe/Berlin] PHP Warning:  Undefined variable $tab in C:\xampp\htdocs\1000HillsRugby\tables.php on line 206
[28-Mar-2025 20:59:45 Europe/Berlin] PHP Warning:  Undefined variable $tab in C:\xampp\htdocs\1000HillsRugby\tables.php on line 207
[28-Mar-2025 21:00:06 Europe/Berlin] PHP Warning:  Undefined variable $tab in C:\xampp\htdocs\1000HillsRugby\tables.php on line 206
[28-Mar-2025 21:00:06 Europe/Berlin] PHP Warning:  Undefined variable $tab in C:\xampp\htdocs\1000HillsRugby\tables.php on line 207
[28-Mar-2025 21:06:39 Europe/Berlin] PHP Warning:  Undefined variable $tab in C:\xampp\htdocs\1000HillsRugby\tables.php on line 206
[28-Mar-2025 21:06:39 Europe/Berlin] PHP Warning:  Undefined variable $tab in C:\xampp\htdocs\1000HillsRugby\tables.php on line 207
